2020-10-02 21:51:05.885+0000 INFO  Starting...
2020-10-02 21:51:08.684+0000 INFO  ======== Neo4j 4.1.1 ========
2020-10-02 21:51:12.038+0000 INFO  Sending metrics to CSV file at C:\Users\jhvan\AppData\Local\Neo4j\Relate\Data\dbmss\dbms-fa6e9fa7-2e0a-4bb5-bbc3-24c1cf387327\metrics
2020-10-02 21:51:12.064+0000 INFO  Bolt enabled on localhost:7687.
2020-10-02 21:51:13.013+0000 INFO  Remote interface available at http://localhost:7474/
2020-10-02 21:51:13.014+0000 INFO  Started.
2020-10-12 22:28:05.293+0000 INFO  Starting...
2020-10-12 22:28:09.770+0000 INFO  ======== Neo4j 4.1.1 ========
2020-10-12 22:28:12.958+0000 INFO  Sending metrics to CSV file at C:\Users\jhvan\AppData\Local\Neo4j\Relate\Data\dbmss\dbms-fa6e9fa7-2e0a-4bb5-bbc3-24c1cf387327\metrics
2020-10-12 22:28:12.986+0000 INFO  Bolt enabled on localhost:7687.
2020-10-12 22:28:14.290+0000 INFO  Remote interface available at http://localhost:7474/
2020-10-12 22:28:14.291+0000 INFO  Started.
2020-10-15 14:59:43.965+0000 INFO  Starting...
2020-10-15 14:59:47.449+0000 INFO  ======== Neo4j 4.1.1 ========
2020-10-15 14:59:50.476+0000 INFO  Sending metrics to CSV file at C:\Users\jhvan\AppData\Local\Neo4j\Relate\Data\dbmss\dbms-fa6e9fa7-2e0a-4bb5-bbc3-24c1cf387327\metrics
2020-10-15 14:59:50.507+0000 INFO  Bolt enabled on localhost:7687.
2020-10-15 14:59:51.773+0000 INFO  Remote interface available at http://localhost:7474/
2020-10-15 14:59:51.774+0000 INFO  Started.
2020-10-16 05:51:18.595+0000 INFO  Starting...
2020-10-16 05:51:22.525+0000 INFO  ======== Neo4j 4.1.1 ========
2020-10-16 05:51:25.788+0000 INFO  Sending metrics to CSV file at C:\Users\jhvan\AppData\Local\Neo4j\Relate\Data\dbmss\dbms-fa6e9fa7-2e0a-4bb5-bbc3-24c1cf387327\metrics
2020-10-16 05:51:25.818+0000 INFO  Bolt enabled on localhost:7687.
2020-10-16 05:51:26.949+0000 INFO  Remote interface available at http://localhost:7474/
2020-10-16 05:51:26.949+0000 INFO  Started.
2020-10-31 15:46:18.626+0000 INFO  Starting...
2020-10-31 15:46:22.381+0000 INFO  ======== Neo4j 4.1.1 ========
2020-10-31 15:46:26.743+0000 INFO  Sending metrics to CSV file at C:\Users\jhvan\AppData\Local\Neo4j\Relate\Data\dbmss\dbms-fa6e9fa7-2e0a-4bb5-bbc3-24c1cf387327\metrics
2020-10-31 15:46:26.788+0000 INFO  Bolt enabled on localhost:7687.
2020-10-31 15:46:28.235+0000 INFO  Remote interface available at http://localhost:7474/
2020-10-31 15:46:28.235+0000 INFO  Started.
2020-11-03 20:41:48.486+0000 INFO  Starting...
2020-11-03 20:41:51.946+0000 INFO  ======== Neo4j 4.1.1 ========
2020-11-03 20:41:54.890+0000 INFO  Sending metrics to CSV file at C:\Users\jhvan\AppData\Local\Neo4j\Relate\Data\dbmss\dbms-fa6e9fa7-2e0a-4bb5-bbc3-24c1cf387327\metrics
2020-11-03 20:41:54.920+0000 INFO  Bolt enabled on localhost:7687.
2020-11-03 20:41:56.168+0000 INFO  Remote interface available at http://localhost:7474/
2020-11-03 20:41:56.169+0000 INFO  Started.
2020-11-06 02:31:39.584+0000 INFO  Starting...
2020-11-06 02:31:42.932+0000 INFO  ======== Neo4j 4.1.1 ========
2020-11-06 02:31:45.705+0000 INFO  Sending metrics to CSV file at C:\Users\jhvan\AppData\Local\Neo4j\Relate\Data\dbmss\dbms-fa6e9fa7-2e0a-4bb5-bbc3-24c1cf387327\metrics
2020-11-06 02:31:45.735+0000 INFO  Bolt enabled on localhost:7687.
2020-11-06 02:31:46.834+0000 INFO  Remote interface available at http://localhost:7474/
2020-11-06 02:31:46.834+0000 INFO  Started.
2020-11-06 22:49:58.718+0000 INFO  Starting...
2020-11-06 22:50:02.431+0000 INFO  ======== Neo4j 4.1.1 ========
2020-11-06 22:50:05.509+0000 INFO  Sending metrics to CSV file at C:\Users\jhvan\AppData\Local\Neo4j\Relate\Data\dbmss\dbms-fa6e9fa7-2e0a-4bb5-bbc3-24c1cf387327\metrics
2020-11-06 22:50:05.582+0000 INFO  Bolt enabled on localhost:7687.
2020-11-06 22:50:06.828+0000 INFO  Remote interface available at http://localhost:7474/
2020-11-06 22:50:06.828+0000 INFO  Started.
2020-11-07 14:04:29.788+0000 INFO  Starting...
2020-11-07 14:04:33.119+0000 INFO  ======== Neo4j 4.1.1 ========
2020-11-07 14:04:36.230+0000 INFO  Sending metrics to CSV file at C:\Users\jhvan\AppData\Local\Neo4j\Relate\Data\dbmss\dbms-fa6e9fa7-2e0a-4bb5-bbc3-24c1cf387327\metrics
2020-11-07 14:04:36.258+0000 INFO  Bolt enabled on localhost:7687.
2020-11-07 14:04:37.394+0000 INFO  Remote interface available at http://localhost:7474/
2020-11-07 14:04:37.394+0000 INFO  Started.
2020-11-14 14:07:55.940+0000 INFO  Starting...
2020-11-14 14:07:59.434+0000 INFO  ======== Neo4j 4.1.1 ========
2020-11-14 14:08:02.389+0000 INFO  Sending metrics to CSV file at C:\Users\jhvan\AppData\Local\Neo4j\Relate\Data\dbmss\dbms-fa6e9fa7-2e0a-4bb5-bbc3-24c1cf387327\metrics
2020-11-14 14:08:02.415+0000 INFO  Bolt enabled on localhost:7687.
2020-11-14 14:08:03.597+0000 INFO  Remote interface available at http://localhost:7474/
2020-11-14 14:08:03.597+0000 INFO  Started.
2020-11-20 19:12:54.994+0000 INFO  Starting...
2020-11-20 19:12:58.306+0000 INFO  ======== Neo4j 4.1.1 ========
2020-11-20 19:13:01.444+0000 INFO  Sending metrics to CSV file at C:\Users\jhvan\AppData\Local\Neo4j\Relate\Data\dbmss\dbms-fa6e9fa7-2e0a-4bb5-bbc3-24c1cf387327\metrics
2020-11-20 19:13:01.472+0000 INFO  Bolt enabled on localhost:7687.
2020-11-20 19:13:02.660+0000 INFO  Remote interface available at http://localhost:7474/
2020-11-20 19:13:02.660+0000 INFO  Started.
2020-11-21 16:10:43.997+0000 INFO  Starting...
2020-11-21 16:10:47.787+0000 INFO  ======== Neo4j 4.1.1 ========
2020-11-21 16:10:50.778+0000 INFO  Sending metrics to CSV file at C:\Users\jhvan\AppData\Local\Neo4j\Relate\Data\dbmss\dbms-fa6e9fa7-2e0a-4bb5-bbc3-24c1cf387327\metrics
2020-11-21 16:10:50.810+0000 INFO  Bolt enabled on localhost:7687.
2020-11-21 16:10:52.026+0000 INFO  Remote interface available at http://localhost:7474/
2020-11-21 16:10:52.027+0000 INFO  Started.
2020-11-25 23:55:13.070+0000 INFO  Starting...
2020-11-25 23:55:17.350+0000 INFO  ======== Neo4j 4.1.1 ========
2020-11-25 23:55:20.907+0000 INFO  Sending metrics to CSV file at C:\Users\jhvan\AppData\Local\Neo4j\Relate\Data\dbmss\dbms-fa6e9fa7-2e0a-4bb5-bbc3-24c1cf387327\metrics
2020-11-25 23:55:20.945+0000 INFO  Bolt enabled on localhost:7687.
2020-11-25 23:55:22.182+0000 INFO  Remote interface available at http://localhost:7474/
2020-11-25 23:55:22.182+0000 INFO  Started.
2020-11-25 23:57:31.640+0000 INFO  Starting...
2020-11-25 23:57:36.059+0000 INFO  ======== Neo4j 4.1.1 ========
2020-11-25 23:57:40.090+0000 INFO  Sending metrics to CSV file at C:\Users\jhvan\AppData\Local\Neo4j\Relate\Data\dbmss\dbms-fa6e9fa7-2e0a-4bb5-bbc3-24c1cf387327\metrics
2020-11-25 23:57:40.200+0000 INFO  Bolt enabled on localhost:7687.
2020-11-25 23:57:41.561+0000 INFO  Remote interface available at http://localhost:7474/
2020-11-25 23:57:41.562+0000 INFO  Started.
2020-11-27 01:35:24.260+0000 INFO  Starting...
2020-11-27 01:35:27.479+0000 INFO  ======== Neo4j 4.1.1 ========
2020-11-27 01:35:30.141+0000 INFO  Sending metrics to CSV file at C:\Users\jhvan\AppData\Local\Neo4j\Relate\Data\dbmss\dbms-fa6e9fa7-2e0a-4bb5-bbc3-24c1cf387327\metrics
2020-11-27 01:35:30.170+0000 INFO  Bolt enabled on localhost:7687.
2020-11-27 01:35:31.336+0000 INFO  Remote interface available at http://localhost:7474/
2020-11-27 01:35:31.337+0000 INFO  Started.
2020-11-28 16:16:57.023+0000 INFO  Starting...
2020-11-28 16:17:00.498+0000 INFO  ======== Neo4j 4.1.1 ========
2020-11-28 16:17:03.645+0000 INFO  Sending metrics to CSV file at C:\Users\jhvan\AppData\Local\Neo4j\Relate\Data\dbmss\dbms-fa6e9fa7-2e0a-4bb5-bbc3-24c1cf387327\metrics
2020-11-28 16:17:03.673+0000 INFO  Bolt enabled on localhost:7687.
2020-11-28 16:17:04.915+0000 INFO  Remote interface available at http://localhost:7474/
2020-11-28 16:17:04.916+0000 INFO  Started.
2020-11-29 00:57:09.370+0000 INFO  Starting...
2020-11-29 00:57:12.794+0000 INFO  ======== Neo4j 4.1.1 ========
2020-11-29 00:57:15.559+0000 INFO  Sending metrics to CSV file at C:\Users\jhvan\AppData\Local\Neo4j\Relate\Data\dbmss\dbms-fa6e9fa7-2e0a-4bb5-bbc3-24c1cf387327\metrics
2020-11-29 00:57:15.595+0000 INFO  Bolt enabled on localhost:7687.
2020-11-29 00:57:16.938+0000 INFO  Remote interface available at http://localhost:7474/
2020-11-29 00:57:16.939+0000 INFO  Started.
